[debug] [2023-10-08T15:01:13.432Z] ----------------------------------------------------------------------
[debug] [2023-10-08T15:01:13.434Z] Command:       C:\Program Files\nodejs\node.exe C:\Users\Sharon\AppData\Roaming\npm\node_modules\firebase-tools\lib\bin\firebase.js init
[debug] [2023-10-08T15:01:13.435Z] CLI Version:   12.0.1
[debug] [2023-10-08T15:01:13.435Z] Platform:      win32
[debug] [2023-10-08T15:01:13.435Z] Node Version:  v16.15.0
[debug] [2023-10-08T15:01:13.442Z] Time:          Sun Oct 08 2023 21:01:13 GMT+0600 (Bangladesh Standard Time)
[debug] [2023-10-08T15:01:13.442Z] ----------------------------------------------------------------------
[debug] 
[debug] [2023-10-08T15:01:13.450Z] > command requires scopes: ["email","openid","https://www.googleapis.com/auth/cloudplatformprojects.readonly","https://www.googleapis.com/auth/firebase","https://www.googleapis.com/auth/cloud-platform"]
[debug] [2023-10-08T15:01:13.450Z] > authorizing via signed-in user (ehsanulahmmed@gmail.com)
[info] 
     ######## #### ########  ######## ########     ###     ######  ########
     ##        ##  ##     ## ##       ##     ##  ##   ##  ##       ##
     ######    ##  ########  ######   ########  #########  ######  ######
     ##        ##  ##    ##  ##       ##     ## ##     ##       ## ##
     ##       #### ##     ## ######## ########  ##     ##  ######  ########

You're about to initialize a Firebase project in this directory:

  C:\Projects\Phone Hut

Before we get started, keep in mind:

  * You are currently outside your home directory

